<?xml version="1.0" encoding="UTF-8"?>
<coverage generated="1667907946228" clover="3.2.0">
  <project timestamp="1667907946228" name="All files">
    <metrics statements="27" coveredstatements="26" conditionals="4" coveredconditionals="3" methods="8" coveredmethods="8" elements="39" coveredelements="37" complexity="0" loc="27" ncloc="27" packages="1" files="1" classes="1"/>
    <file name="server-routes.js" path="C:\Users\admin\Desktop\adnan-rest\nodejs-restApi-testing\server-routes.js">
      <metrics statements="27" coveredstatements="26" conditionals="4" coveredconditionals="3" methods="8" coveredmethods="8"/>
      <line num="1" count="1" type="stmt"/>
      <line num="2" count="1" type="stmt"/>
      <line num="4" count="1" type="stmt"/>
      <line num="6" count="1" type="stmt"/>
      <line num="8" count="1" type="stmt"/>
      <line num="9" count="1" type="stmt"/>
      <line num="12" count="1" type="stmt"/>
      <line num="13" count="1" type="stmt"/>
      <line num="14" count="1" type="cond" truecount="1" falsecount="1"/>
      <line num="15" count="0" type="stmt"/>
      <line num="17" count="1" type="stmt"/>
      <line num="21" count="1" type="stmt"/>
      <line num="22" count="1" type="stmt"/>
      <line num="23" count="1" type="stmt"/>
      <line num="24" count="1" type="stmt"/>
      <line num="30" count="1" type="stmt"/>
      <line num="35" count="1" type="stmt"/>
      <line num="36" count="3" type="cond" truecount="2" falsecount="0"/>
      <line num="37" count="1" type="stmt"/>
      <line num="39" count="2" type="stmt"/>
      <line num="42" count="1" type="stmt"/>
      <line num="44" count="1" type="stmt"/>
      <line num="50" count="1" type="stmt"/>
      <line num="51" count="3" type="stmt"/>
      <line num="52" count="1" type="stmt"/>
      <line num="53" count="1" type="stmt"/>
      <line num="60" count="1" type="stmt"/>
    </file>
  </project>
</coverage>
