{"C:\\Users\\admin\\Desktop\\adnan-rest\\nodejs-restApi-testing\\server-routes.js": {"path":"C:\\Users\\admin\\Desktop\\adnan-rest\\nodejs-restApi-testing\\server-routes.js","statementMap":{"0":{"start":{"line":1,"column":19},"end":{"line":1,"column":37}},"1":{"start":{"line":2,"column":17},"end":{"line":2,"column":39}},"2":{"start":{"line":4,"column":15},"end":{"line":4,"column":41}},"3":{"start":{"line":6,"column":15},"end":{"line":6,"column":27}},"4":{"start":{"line":8,"column":0},"end":{"line":10,"column":3}},"5":{"start":{"line":9,"column":2},"end":{"line":9,"column":21}},"6":{"start":{"line":12,"column":0},"end":{"line":19,"column":3}},"7":{"start":{"line":13,"column":20},"end":{"line":13,"column":77}},"8":{"start":{"line":13,"column":45},"end":{"line":13,"column":76}},"9":{"start":{"line":14,"column":2},"end":{"line":18,"column":3}},"10":{"start":{"line":15,"column":4},"end":{"line":15,"column":58}},"11":{"start":{"line":17,"column":4},"end":{"line":17,"column":24}},"12":{"start":{"line":21,"column":0},"end":{"line":28,"column":3}},"13":{"start":{"line":22,"column":2},"end":{"line":22,"column":26}},"14":{"start":{"line":23,"column":2},"end":{"line":23,"column":17}},"15":{"start":{"line":24,"column":2},"end":{"line":27,"column":5}},"16":{"start":{"line":30,"column":0},"end":{"line":48,"column":3}},"17":{"start":{"line":35,"column":2},"end":{"line":41,"column":5}},"18":{"start":{"line":36,"column":4},"end":{"line":40,"column":5}},"19":{"start":{"line":37,"column":6},"end":{"line":37,"column":22}},"20":{"start":{"line":39,"column":6},"end":{"line":39,"column":19}},"21":{"start":{"line":42,"column":2},"end":{"line":42,"column":17}},"22":{"start":{"line":44,"column":2},"end":{"line":47,"column":5}},"23":{"start":{"line":50,"column":0},"end":{"line":58,"column":3}},"24":{"start":{"line":51,"column":2},"end":{"line":51,"column":73}},"25":{"start":{"line":51,"column":40},"end":{"line":51,"column":71}},"26":{"start":{"line":52,"column":2},"end":{"line":52,"column":17}},"27":{"start":{"line":53,"column":2},"end":{"line":57,"column":5}},"28":{"start":{"line":60,"column":0},"end":{"line":60,"column":24}}},"fnMap":{"0":{"name":"(anonymous_0)","decl":{"start":{"line":8,"column":16},"end":{"line":8,"column":17}},"loc":{"start":{"line":8,"column":30},"end":{"line":10,"column":1}},"line":8},"1":{"name":"(anonymous_1)","decl":{"start":{"line":12,"column":21},"end":{"line":12,"column":22}},"loc":{"start":{"line":12,"column":35},"end":{"line":19,"column":1}},"line":12},"2":{"name":"(anonymous_2)","decl":{"start":{"line":13,"column":34},"end":{"line":13,"column":35}},"loc":{"start":{"line":13,"column":45},"end":{"line":13,"column":76}},"line":13},"3":{"name":"(anonymous_3)","decl":{"start":{"line":21,"column":17},"end":{"line":21,"column":18}},"loc":{"start":{"line":21,"column":31},"end":{"line":28,"column":1}},"line":21},"4":{"name":"(anonymous_4)","decl":{"start":{"line":30,"column":21},"end":{"line":30,"column":22}},"loc":{"start":{"line":30,"column":35},"end":{"line":48,"column":1}},"line":30},"5":{"name":"(anonymous_5)","decl":{"start":{"line":35,"column":26},"end":{"line":35,"column":27}},"loc":{"start":{"line":35,"column":37},"end":{"line":41,"column":3}},"line":35},"6":{"name":"(anonymous_6)","decl":{"start":{"line":50,"column":24},"end":{"line":50,"column":25}},"loc":{"start":{"line":50,"column":38},"end":{"line":58,"column":1}},"line":50},"7":{"name":"(anonymous_7)","decl":{"start":{"line":51,"column":29},"end":{"line":51,"column":30}},"loc":{"start":{"line":51,"column":40},"end":{"line":51,"column":71}},"line":51}},"branchMap":{"0":{"loc":{"start":{"line":14,"column":2},"end":{"line":18,"column":3}},"type":"if","locations":[{"start":{"line":14,"column":2},"end":{"line":18,"column":3}},{"start":{"line":16,"column":9},"end":{"line":18,"column":3}}],"line":14},"1":{"loc":{"start":{"line":36,"column":4},"end":{"line":40,"column":5}},"type":"if","locations":[{"start":{"line":36,"column":4},"end":{"line":40,"column":5}},{"start":{"line":38,"column":11},"end":{"line":40,"column":5}}],"line":36}},"s":{"0":1,"1":1,"2":1,"3":1,"4":1,"5":1,"6":1,"7":1,"8":1,"9":1,"10":0,"11":1,"12":1,"13":1,"14":1,"15":1,"16":1,"17":1,"18":3,"19":1,"20":2,"21":1,"22":1,"23":1,"24":1,"25":3,"26":1,"27":1,"28":1},"f":{"0":1,"1":1,"2":1,"3":1,"4":1,"5":3,"6":1,"7":3},"b":{"0":[0,1],"1":[1,2]},"_coverageSchema":"1a1c01bbd47fc00a2c39e90264f33305004495a9","hash":"38ef6ec55c81639e838c187a84a6b30e2931cd44"}
}
