TN:
SF:server-routes.js
FN:8,(anonymous_0)
FN:12,(anonymous_1)
FN:13,(anonymous_2)
FN:21,(anonymous_3)
FN:30,(anonymous_4)
FN:35,(anonymous_5)
FN:50,(anonymous_6)
FN:51,(anonymous_7)
FNF:8
FNH:8
FNDA:1,(anonymous_0)
FNDA:1,(anonymous_1)
FNDA:1,(anonymous_2)
FNDA:1,(anonymous_3)
FNDA:1,(anonymous_4)
FNDA:3,(anonymous_5)
FNDA:1,(anonymous_6)
FNDA:3,(anonymous_7)
DA:1,1
DA:2,1
DA:4,1
DA:6,1
DA:8,1
DA:9,1
DA:12,1
DA:13,1
DA:14,1
DA:15,0
DA:17,1
DA:21,1
DA:22,1
DA:23,1
DA:24,1
DA:30,1
DA:35,1
DA:36,3
DA:37,1
DA:39,2
DA:42,1
DA:44,1
DA:50,1
DA:51,3
DA:52,1
DA:53,1
DA:60,1
LF:27
LH:26
BRDA:14,0,0,0
BRDA:14,0,1,1
BRDA:36,1,0,1
BRDA:36,1,1,2
BRF:4
BRH:3
end_of_record
